Arguments: 
  /usr/local/bin/node /usr/local/bin/yarn add canves

PATH: 
  /usr/local/opt/llvm/bin:/usr/local/opt/openssl@3/bin:/usr/local/opt/gradle@6/bin:/usr/local/opt/qt@5/bin:/usr/local/opt/qt@5/bin:/usr/local/opt/bison/bin:/usr/local/sbin:/Library/Frameworks/Python.framework/Versions/3.9/bin:/Applications/Google Chrome.app/Contents/MacOS:/Library/Frameworks/Python.framework/Versions/3.9/bin:/Users/k.aymen/.pyenv/bin:/Users/k.aymen/.pyenv/bin:/usr/local/bin:/usr/bin:/bin:/usr/sbin:/sbin:/Library/Frameworks/Python.framework/Versions/3.9/bin/python3.9:/usr/local/bin/chromedriver:/opt/X11/bin:/usr/local/opt/llvm/bin:/usr/local/opt/openssl@3/bin:/usr/local/opt/gradle@6/bin:/usr/local/opt/qt@5/bin:/usr/local/opt/bison/bin:/usr/local/sbin:/Library/Frameworks/Python.framework/Versions/3.9/bin:/Applications/Google Chrome.app/Contents/MacOS:/Users/k.aymen/.pyenv/bin:/Users/k.aymen/.local/bin:/Users/k.aymen/Library/Python/3.9/bin:/Users/k.aymen/.local/bin:/Users/k.aymen/Library/Python/3.9/bin

Yarn version: 
  1.22.17

Node version: 
  16.13.0

Platform: 
  darwin x64

Trace: 
  Error: https://registry.yarnpkg.com/canves: Not found
      at Request.params.callback [as _callback] (/usr/local/lib/node_modules/yarn/lib/cli.js:67029:18)
      at Request.self.callback (/usr/local/lib/node_modules/yarn/lib/cli.js:140883:22)
      at Request.emit (node:events:390:28)
      at Request.<anonymous> (/usr/local/lib/node_modules/yarn/lib/cli.js:141855:10)
      at Request.emit (node:events:390:28)
      at IncomingMessage.<anonymous> (/usr/local/lib/node_modules/yarn/lib/cli.js:141777:12)
      at Object.onceWrapper (node:events:509:28)
      at IncomingMessage.emit (node:events:402:35)
      at endReadableNT (node:internal/streams/readable:1343:12)
      at processTicksAndRejections (node:internal/process/task_queues:83:21)

npm manifest: 
  {
    "name": "nft_generator",
    "version": "1.0.0",
    "description": "Nft collection generator",
    "main": "index.js",
    "author": "Aymen1001",
    "license": "MIT"
  }

yarn manifest: 
  No manifest

Lockfile: 
  No lockfile
